[debug] [2022-08-06T14:45:15.480Z] ----------------------------------------------------------------------
[debug] [2022-08-06T14:45:15.485Z] Command:       C:\Program Files\nodejs\node.exe C:\Users\SHREYA\AppData\Roaming\npm\node_modules\firebase-tools\lib\bin\firebase.js init hosting
[debug] [2022-08-06T14:45:15.486Z] CLI Version:   11.4.2
[debug] [2022-08-06T14:45:15.486Z] Platform:      win32
[debug] [2022-08-06T14:45:15.487Z] Node Version:  v16.16.0
[debug] [2022-08-06T14:45:15.489Z] Time:          Sat Aug 06 2022 20:15:15 GMT+0530 (India Standard Time)
[debug] [2022-08-06T14:45:15.490Z] ----------------------------------------------------------------------
[debug] 
[debug] [2022-08-06T14:45:15.510Z] > command requires scopes: ["email","openid","https://www.googleapis.com/auth/cloudplatformprojects.readonly","https://www.googleapis.com/auth/firebase","https://www.googleapis.com/auth/cloud-platform"]
[debug] [2022-08-06T14:45:15.511Z] > authorizing via signed-in user (shreyasinghal61@gmail.com)
[info] 
     ######## #### ########  ######## ########     ###     ######  ########
     ##        ##  ##     ## ##       ##     ##  ##   ##  ##       ##
     ######    ##  ########  ######   ########  #########  ######  ######
     ##        ##  ##    ##  ##       ##     ## ##     ##       ## ##
     ##       #### ##     ## ######## ########  ##     ##  ######  ########

You're about to initialize a Firebase project in this directory:

  C:\Users\SHREYA\desktop\shreya\linkedln-clone

[info] 
=== Project Setup
[info] 
[info] First, let's associate this project directory with a Firebase project.
[info] You can create multiple project aliases by running firebase use --add, 
[info] but for now we'll just set up a default project.
[info] 
[debug] [2022-08-06T14:45:23.378Z] >>> [apiv2][query] GET https://firebase.googleapis.com/v1beta1/projects pageSize=100
[debug] [2022-08-06T14:45:24.202Z] <<< [apiv2][status] GET https://firebase.googleapis.com/v1beta1/projects 200
[debug] [2022-08-06T14:45:24.203Z] <<< [apiv2][body] GET https://firebase.googleapis.com/v1beta1/projects [omitted]
[info] i  Using project linkedln-clone-6a283 (linkedln clone) 
[info] 
=== Hosting Setup
[info] 
[info] Your public directory is the folder (relative to your project directory) that
[info] will contain Hosting assets to be uploaded with firebase deploy. If you
[info] have a build process for your assets, use your build's output directory.
[info] 
[debug] [2022-08-06T14:46:03.929Z] >>> [apiv2][query] GET https://www.gstatic.com/firebasejs/releases.json [none]
[debug] [2022-08-06T14:46:04.185Z] <<< [apiv2][status] GET https://www.gstatic.com/firebasejs/releases.json 200
[debug] [2022-08-06T14:46:04.185Z] <<< [apiv2][body] GET https://www.gstatic.com/firebasejs/releases.json {"current":{"version":"9.9.2","browserURL":"https://www.gstatic.com/firebasejs/9.9.2/firebase.js","packageURL":"https://www.gstatic.com/firebasejs/9.9.2/firebase.tgz"},"live":{"version":"9.9","browserURL":"https://www.gstatic.com/firebasejs/live/9.9/firebase.js","packageURL":"https://www.gstatic.com/firebasejs/live/9.9/firebase.tgz"},"components":{"analytics":"https://www.gstatic.com/firebasejs/9.9.2/firebase-analytics.js","app":"https://www.gstatic.com/firebasejs/9.9.2/firebase-app.js","app-check":"https://www.gstatic.com/firebasejs/9.9.2/firebase-app-check.js","auth":"https://www.gstatic.com/firebasejs/9.9.2/firebase-auth.js","auth/cordova":"https://www.gstatic.com/firebasejs/9.9.2/firebase-auth/cordova.js","auth/react-native":"https://www.gstatic.com/firebasejs/9.9.2/firebase-auth/react-native.js","functions":"https://www.gstatic.com/firebasejs/9.9.2/firebase-functions.js","firestore":"https://www.gstatic.com/firebasejs/9.9.2/firebase-firestore.js","firestore/lite":"https://www.gstatic.com/firebasejs/9.9.2/firebase-firestore/lite.js","installations":"https://www.gstatic.com/firebasejs/9.9.2/firebase-installations.js","storage":"https://www.gstatic.com/firebasejs/9.9.2/firebase-storage.js","performance":"https://www.gstatic.com/firebasejs/9.9.2/firebase-performance.js","remote-config":"https://www.gstatic.com/firebasejs/9.9.2/firebase-remote-config.js","messaging":"https://www.gstatic.com/firebasejs/9.9.2/firebase-messaging.js","messaging/sw":"https://www.gstatic.com/firebasejs/9.9.2/firebase-messaging/sw.js","database":"https://www.gstatic.com/firebasejs/9.9.2/firebase-database.js","firestore.memory":"https://www.gstatic.com/firebasejs/9.9.2/firebase-firestore.memory.js"}}
[info] +  Wrote public/index.html 
[info] 
[info] i  Detected a .git folder at C:\Users\SHREYA\desktop\shreya 
[info] i  Authorizing with GitHub to upload your service account to a GitHub repository's secrets store. 
[info] 
[info] Visit this URL on this device to log in:
[info] https://github.com/login/oauth/authorize?client_id=89cf50f02ac6aaed3484&state=982676736&redirect_uri=http%3A%2F%2Flocalhost%3A9006&scope=read%3Auser%20repo%20public_repo
[info] 
[info] Waiting for authentication...
[debug] [2022-08-06T14:46:16.720Z] >>> [apiv2][query] POST https://github.com/login/oauth/access_token [none]
[debug] [2022-08-06T14:46:16.721Z] >>> [apiv2][body] POST https://github.com/login/oauth/access_token [stream]
[debug] [2022-08-06T14:46:17.216Z] <<< [apiv2][status] POST https://github.com/login/oauth/access_token 200
[debug] [2022-08-06T14:46:17.217Z] <<< [apiv2][body] POST https://github.com/login/oauth/access_token {"access_token":"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","token_type":"bearer","scope":"read:user,repo"}
[debug] [2022-08-06T14:46:17.246Z] >>> [apiv2][query] GET https://api.github.com/user [none]
[debug] [2022-08-06T14:46:17.749Z] <<< [apiv2][status] GET https://api.github.com/user 200
[debug] [2022-08-06T14:46:17.750Z] <<< [apiv2][body] GET https://api.github.com/user {"login":"shreyasinghal-17","id":70097551,"node_id":"MDQ6VXNlcjcwMDk3NTUx","avatar_url":"https://avatars.githubusercontent.com/u/70097551?v=4","gravatar_id":"","url":"https://api.github.com/users/shreyasinghal-17","html_url":"https://github.com/shreyasinghal-17","followers_url":"https://api.github.com/users/shreyasinghal-17/followers","following_url":"https://api.github.com/users/shreyasinghal-17/following{/other_user}","gists_url":"https://api.github.com/users/shreyasinghal-17/gists{/gist_id}","starred_url":"https://api.github.com/users/shreyasinghal-17/starred{/owner}{/repo}","subscriptions_url":"https://api.github.com/users/shreyasinghal-17/subscriptions","organizations_url":"https://api.github.com/users/shreyasinghal-17/orgs","repos_url":"https://api.github.com/users/shreyasinghal-17/repos","events_url":"https://api.github.com/users/shreyasinghal-17/events{/privacy}","received_events_url":"https://api.github.com/users/shreyasinghal-17/received_events","type":"User","site_admin":false,"name":"Shreya Singhal","company":null,"blog":"","location":null,"email":null,"hireable":null,"bio":null,"twitter_username":null,"public_repos":5,"public_gists":0,"followers":0,"following":0,"created_at":"2020-08-23T12:09:07Z","updated_at":"2022-08-06T14:44:02Z","private_gists":0,"total_private_repos":1,"owned_private_repos":1,"disk_usage":586,"collaborators":0,"two_factor_authentication":false,"plan":{"name":"pro","space":976562499,"collaborators":0,"private_repos":9999}}
[info] 
[info] +  Success! Logged into GitHub as shreyasinghal-17 
[info] 
[debug] [2022-08-06T14:46:40.914Z] >>> [apiv2][query] GET https://api.github.com/repos//actions/secrets/public-key type=owner
[debug] [2022-08-06T14:46:41.357Z] <<< [apiv2][status] GET https://api.github.com/repos//actions/secrets/public-key 404
[debug] [2022-08-06T14:46:41.358Z] <<< [apiv2][body] GET https://api.github.com/repos//actions/secrets/public-key {"message":"Not Found","documentation_url":"https://docs.github.com/rest"}
[debug] [2022-08-06T14:46:42.009Z] >>> [apiv2][query] GET https://api.github.com/repos//actions/secrets/public-key type=owner
[debug] [2022-08-06T14:46:42.443Z] <<< [apiv2][status] GET https://api.github.com/repos//actions/secrets/public-key 404
[debug] [2022-08-06T14:46:42.443Z] <<< [apiv2][body] GET https://api.github.com/repos//actions/secrets/public-key {"message":"Not Found","documentation_url":"https://docs.github.com/rest"}
